[2016.04.23-04.31.06:451][  0]Log file open, 04/23/16 08:31:06
[2016.04.23-04.31.06:451][  0]LogModuleManager:Warning: ModuleManager: Module 'HTTPChunkInstaller' not found - its StaticallyLinkedModuleInitializers function is null.
[2016.04.23-04.31.06:451][  0]LogInit:Display: RandInit(-23187129) SRandInit(-23187128).
[2016.04.23-04.31.06:451][  0]LogTaskGraph: Started task graph with 4 named threads and 5 total threads.
[2016.04.23-04.31.06:451][  0]LogStats: Stats thread started at 0.994730
[2016.04.23-04.31.06:451][  0]LogInit: Version: 4.9.2-0+++depot+UE4-Releases+4.9
[2016.04.23-04.31.06:451][  0]LogInit: API Version: 0
[2016.04.23-04.31.06:451][  0]LogInit: Compiled (64-bit): Mar 16 2016 20:15:48
[2016.04.23-04.31.06:451][  0]LogInit: Compiled with Visual C++: 18.00.31101.00
[2016.04.23-04.31.06:451][  0]LogInit: Build Configuration: Development
[2016.04.23-04.31.06:451][  0]LogInit: Branch Name: ++depot+UE4-Releases+4.9
[2016.04.23-04.31.06:451][  0]LogInit: Command line: 
[2016.04.23-04.31.06:451][  0]LogInit: Base directory: C:/Users/Justin/Documents/Unreal Projects/FracturedProject/Development Packaged/WindowsNoEditor/FracturedProject/Binaries/Win64/
[2016.04.23-04.31.06:451][  0]LogInit: Rocket: 0
[2016.04.23-04.31.06:483][  0]LogInit: Using libcurl 7.41.0
[2016.04.23-04.31.06:483][  0]LogInit:  - built for x86_64-pc-win32
[2016.04.23-04.31.06:483][  0]LogInit:  - supports SSL with WinSSL
[2016.04.23-04.31.06:483][  0]LogInit:  - other features:
[2016.04.23-04.31.06:483][  0]LogInit:      CURL_VERSION_SSL
[2016.04.23-04.31.06:483][  0]LogInit:      CURL_VERSION_IPV6
[2016.04.23-04.31.06:483][  0]LogInit:      CURL_VERSION_ASYNCHDNS
[2016.04.23-04.31.06:483][  0]LogInit:      CURL_VERSION_LARGEFILE
[2016.04.23-04.31.06:483][  0]LogInit:      CURL_VERSION_IDN
[2016.04.23-04.31.06:498][  0]LogInit:  CurlRequestOptions (configurable via config and command line):
[2016.04.23-04.31.06:498][  0]LogInit:  - bVerifyPeer = true  - Libcurl will verify peer certificate
[2016.04.23-04.31.06:498][  0]LogInit:  - bUseHttpProxy = false  - Libcurl will NOT use HTTP proxy
[2016.04.23-04.31.06:498][  0]LogInit:  - bDontReuseConnections = false  - Libcurl will reuse connections
[2016.04.23-04.31.06:498][  0]LogInit:  - CertBundlePath = nullptr  - Libcurl will use whatever was configured at build time.
[2016.04.23-04.31.06:514][  0]LogInit: Presizing for 0 objects not considered by GC, pre-allocating 0 bytes.
[2016.04.23-04.31.06:545][  0]LogInit: Object subsystem initialized
[2016.04.23-04.31.06:639][  0]LogInit: Selected Device Profile: [WindowsNoEditor]
[2016.04.23-04.31.06:639][  0]LogInit: Applying CVar settings loaded from the selected device profile: [WindowsNoEditor]
[2016.04.23-04.31.06:779][  0]LogInit: Computer: JUSTIN-WORK
[2016.04.23-04.31.06:779][  0]LogInit: User: Justin
[2016.04.23-04.31.06:779][  0]LogInit: CPU Page size=4096, Cores=2
[2016.04.23-04.31.06:779][  0]LogInit: High frequency timer resolution =2.533200 MHz
[2016.04.23-04.31.06:779][  0]LogMemory: Memory total: Physical=7.9GB (8GB approx)
[2016.04.23-04.31.06:779][  0]LogMemory: Platform Memory Stats for WindowsNoEditor
[2016.04.23-04.31.06:779][  0]LogMemory: Process Physical Memory: 31.51 MB used, 31.51 MB peak
[2016.04.23-04.31.06:779][  0]LogMemory: Process Virtual Memory: 51.14 MB used, 51.14 MB peak
[2016.04.23-04.31.06:779][  0]LogMemory: Physical Memory: 4325.16 MB used, 8099.94 MB total
[2016.04.23-04.31.06:779][  0]LogMemory: Virtual Memory: 230.75 MB used, 134217728.00 MB total
[2016.04.23-04.31.08:588][  0]LogTextLocalizationManager: No specific translations for ('en-ZA') exist, so ('en') translations will be used.
[2016.04.23-04.31.10:625][  0]LogD3D11RHI: Found D3D11 adapter 0: NVIDIA GeForce 840M       (Feature Level 11_0)
[2016.04.23-04.31.10:625][  0]LogD3D11RHI: Adapter has 1992MB of dedicated video memory, 0MB of dedicated system memory, and 2048MB of shared system memory, 1 output[s]
[2016.04.23-04.31.10:632][  0]LogD3D11RHI: Found D3D11 adapter 1: Intel(R) HD Graphics Family (Feature Level 11_0)
[2016.04.23-04.31.10:632][  0]LogD3D11RHI: Adapter has 0MB of dedicated video memory, 0MB of dedicated system memory, and 1792MB of shared system memory, 0 output[s]
[2016.04.23-04.31.10:700][  0]LogD3D11RHI: Found D3D11 adapter 2: Microsoft Basic Render Driver (Feature Level 11_0)
[2016.04.23-04.31.10:701][  0]LogD3D11RHI: Adapter has 0MB of dedicated video memory, 0MB of dedicated system memory, and 256MB of shared system memory, 0 output[s]
[2016.04.23-04.31.10:701][  0]LogD3D11RHI: Chosen D3D11 Adapter Id = 0
[2016.04.23-04.31.10:708][  0]LogD3D11RHI: !Direct3DDevice
[2016.04.23-04.31.10:709][  0]LogRHI: Texture pool is 1361 MB (70% of 1945 MB)
[2016.04.23-04.31.10:753][  0]LogD3D11RHI: Async texture creation enabled
[2016.04.23-04.31.12:632][  0]LogInit: Selected Device Profile: [WindowsNoEditor]
[2016.04.23-04.31.12:645][  0]LogContentStreaming: Texture pool size is 1000.000000MB
[2016.04.23-04.31.14:529][  0]LogInit: WinSock: version 1.1 (2.2), MaxSocks=32767, MaxUdp=65467
[2016.04.23-04.31.15:473][  0]LogWindowsMoviePlayer: Unable to load movie: ../../../FracturedProject/Content/Movies/Default_Startup.mp4
[2016.04.23-04.31.15:634][  0]LogObj: 23372 objects as part of root set at end of initial load.
[2016.04.23-04.31.15:634][  0]LogUObjectAllocator: 4603064 out of 0 bytes used by permanent object pool.
[2016.04.23-04.31.16:344][  0]LogEngine: Initializing Engine...
[2016.04.23-04.31.16:568][  0]LogHMD: Can't find Oculus library dev build: is proper Runtime installed? Version: 0.7.0.0
[2016.04.23-04.31.17:023][  0]LogHMD: SteamVR failed to initialize.  Err: 110
[2016.04.23-04.31.18:374][  0]LogInit: XAudio2 using 'Speakers (Realtek High Definition Audio)' : 2 channels at 48 kHz using 32 bits per sample (channel mask 0x3)
[2016.04.23-04.31.18:693][  0]LogInit: FAudioDevice initialized.
[2016.04.23-04.31.18:720][  0]LogInit: Texture streaming: Enabled
[2016.04.23-04.31.19:536][  0]LogNet: Browse: /Engine/Maps/Entry?Name=Player
[2016.04.23-04.31.19:564][  0]LogLoad: LoadMap: /Engine/Maps/Entry?Name=Player
[2016.04.23-04.31.20:134][  0]LogParticles: Destroying 0 GPU particle simulations for FXSystem 0x0000006390CE2440
[2016.04.23-04.31.20:309][  0]LogMemory: Platform Memory Stats for WindowsNoEditor
[2016.04.23-04.31.20:310][  0]LogMemory: Process Physical Memory: 134.01 MB used, 138.93 MB peak
[2016.04.23-04.31.20:310][  0]LogMemory: Process Virtual Memory: 164.03 MB used, 220.07 MB peak
[2016.04.23-04.31.20:310][  0]LogMemory: Physical Memory: 4368.51 MB used, 8099.94 MB total
[2016.04.23-04.31.20:310][  0]LogMemory: Virtual Memory: 495.02 MB used, 134217728.00 MB total
[2016.04.23-04.31.20:310][  0]LogMemory: 
[2016.04.23-04.31.20:310][  0]LogMemory: Allocator Stats for binned:
[2016.04.23-04.31.20:310][  0]LogMemory: Current Memory 41.86 MB used, plus 3.67 MB waste
[2016.04.23-04.31.20:310][  0]LogMemory: Peak Memory 50.47 MB used, plus 2.80 MB waste
[2016.04.23-04.31.20:310][  0]LogMemory: Current OS Memory 45.53 MB, peak 53.27 MB
[2016.04.23-04.31.20:310][  0]LogMemory: Current Waste 0.81 MB, peak 1.02 MB
[2016.04.23-04.31.20:310][  0]LogMemory: Current Used 41.86 MB, peak 50.47 MB
[2016.04.23-04.31.20:310][  0]LogMemory: Current Slack 2.86 MB
[2016.04.23-04.31.20:310][  0]LogMemory: Allocs       119929 Current /  1413870 Total
[2016.04.23-04.31.20:310][  0]LogMemory: 
[2016.04.23-04.31.20:310][  0]LogMemory: Block Size Num Pools Max Pools Cur Allocs Total Allocs Min Req Max Req Mem Used Mem Slack Mem Waste Efficiency
[2016.04.23-04.31.20:310][  0]LogMemory: ---------- --------- --------- ---------- ------------ ------- ------- -------- --------- --------- ----------
[2016.04.23-04.31.20:310][  0]LogMemory:          8         0         0          0            0       8       0       0K        0K        0K    100.00%
[2016.04.23-04.31.20:310][  0]LogMemory:         16         5         5      15631       349650      16      16     244K       76K        0K    100.00%
[2016.04.23-04.31.20:310][  0]LogMemory:         32        11        11      20914       110924      17      32     653K       51K       56K     92.05%
[2016.04.23-04.31.20:310][  0]LogMemory:         48         8         8      10139        48893      33      48     475K       37K       61K     88.09%
[2016.04.23-04.31.20:310][  0]LogMemory:         64        17        17      16876       103365      49      64    1054K       34K      117K     89.25%
[2016.04.23-04.31.20:310][  0]LogMemory:         80         9         9       6918        57957      65      80     540K       36K       42K     92.71%
[2016.04.23-04.31.20:310][  0]LogMemory:         96         5         5       3274        39719      81      96     306K       14K       20K     93.75%
[2016.04.23-04.31.20:310][  0]LogMemory:        112         3         4       1688        32023      97     112     184K        8K       11K     94.27%
[2016.04.23-04.31.20:310][  0]LogMemory:        128        35        35      17856        50586     114     128    2232K        8K       88K     96.07%
[2016.04.23-04.31.20:310][  0]LogMemory:        160         9        15       3360        85743     129     160     525K       51K       42K     92.71%
[2016.04.23-04.31.20:310][  0]LogMemory:        192        18        18       5606       122688     161     192    1051K      100K       76K     93.40%
[2016.04.23-04.31.20:310][  0]LogMemory:        224         5         5       1241       128649     193     224     271K       49K       20K     93.75%
[2016.04.23-04.31.20:310][  0]LogMemory:        256         4         4        778        66413     226     256     194K       62K       12K     95.31%
[2016.04.23-04.31.20:310][  0]LogMemory:        288         6         6       1162        57139     257     288     326K       58K       24K     93.75%
[2016.04.23-04.31.20:310][  0]LogMemory:        320        25        45       5062        51380     290     320    1581K       13K      100K     93.75%
[2016.04.23-04.31.20:310][  0]LogMemory:        384        13        13       2078        17658     322     384     779K       50K       82K     90.14%
[2016.04.23-04.31.20:310][  0]LogMemory:        448        13        13       1809        35046     385     448     791K       40K      103K     87.62%
[2016.04.23-04.31.20:310][  0]LogMemory:        512        10        11       1249        16435     449     512     624K       16K       39K     93.91%
[2016.04.23-04.31.20:310][  0]LogMemory:        576         6         6        505         8847     513     576     284K       98K       11K     97.14%
[2016.04.23-04.31.20:310][  0]LogMemory:        640         9         9        579         4895     577     640     361K      213K       21K     96.35%
[2016.04.23-04.31.20:310][  0]LogMemory:        704        10        11        627         2500     641     704     431K      209K       21K     96.72%
[2016.04.23-04.31.20:310][  0]LogMemory:        768         6         6        306         3071     705     768     229K      154K        7K     98.18%
[2016.04.23-04.31.20:310][  0]LogMemory:        896         3         4        206         1037     769     896     180K       12K        9K     95.31%
[2016.04.23-04.31.20:310][  0]LogMemory:       1024         3         4        155          683     897    1024     155K       37K        5K     97.40%
[2016.04.23-04.31.20:310][  0]LogMemory:       1168         3         3        108          597    1025    1166     123K       69K        7K     96.35%
[2016.04.23-04.31.20:310][  0]LogMemory:       1360         5         6        210         3518    1172    1360     278K       41K       18K     94.38%
[2016.04.23-04.31.20:310][  0]LogMemory:       1632         9        10        335          820    1361    1632     533K       41K       41K     92.88%
[2016.04.23-04.31.20:310][  0]LogMemory:       2048        10        10        191          896    1633    2048     382K      258K       42K     93.44%
[2016.04.23-04.31.20:310][  0]LogMemory:       2336         4         4         76         3622    2050    2336     173K       83K       19K     92.58%
[2016.04.23-04.31.20:310][  0]LogMemory:       2720         5         5         87          539    2342    2717     231K       88K       13K     95.94%
[2016.04.23-04.31.20:310][  0]LogMemory:       3264         9         9        126         2222    2721    3264     401K      173K       21K     96.35%
[2016.04.23-04.31.20:310][  0]LogMemory:       4096        12        15        162          778    3265    4096     648K      120K       60K     92.19%
[2016.04.23-04.31.20:310][  0]LogMemory:       4672         8        11         98         1585    4104    4668     447K       64K       16K     96.88%
[2016.04.23-04.31.20:310][  0]LogMemory:       5456        11        14        102          440    4673    5433     543K      161K       50K     92.90%
[2016.04.23-04.31.20:310][  0]LogMemory:       6544        14        15        111          388    5465    6537     709K      186K       59K     93.42%
[2016.04.23-04.31.20:310][  0]LogMemory:       8192         8        10         59         1570    6560    8192     472K       40K       58K     88.67%
[2016.04.23-04.31.20:310][  0]LogMemory:       9360         6         7         38          161    8200    9360     347K       37K       18K     95.31%
[2016.04.23-04.31.20:310][  0]LogMemory:      10912         5         5         27          140    9383   10845     287K       33K       27K     91.56%
[2016.04.23-04.31.20:310][  0]LogMemory:      13104         5         5         22          158   10920   13056     281K       39K       22K     93.13%
[2016.04.23-04.31.20:311][  0]LogMemory:      16384         7        10         28          137   13120   16384     448K        0K       31K     93.08%
[2016.04.23-04.31.20:311][  0]LogMemory:      21840        11        13         32           89   16400   21829     682K       22K      112K     84.09%
[2016.04.23-04.31.20:311][  0]LogMemory:      32768         7         8         12           73   21904   32640     384K       64K       79K     82.37%
[2016.04.23-04.31.20:311][  0]LogMemory: 
[2016.04.23-04.31.20:311][  0]LogMemory: 23808K allocated in pools (with 2945K slack and 1660K waste). Efficiency 93.03%
[2016.04.23-04.31.20:311][  0]LogMemory: Allocations 119844 Current / 1413035 Total (in 372 pools)
[2016.04.23-04.31.20:311][  0]LogMemory: 
[2016.04.23-04.31.20:366][  0]LogModuleManager:Warning: ModuleManager: Module 'GameplayDebugger' not found - its StaticallyLinkedModuleInitializers function is null.
[2016.04.23-04.31.20:366][  0]LogAIModule: Creating AISystem for world Entry
[2016.04.23-04.31.20:366][  0]LogWorld: Game class is 'GameMode'
[2016.04.23-04.31.20:537][  0]LogWorld: Bringing World /Engine/Maps/Entry.Entry up for play (max tick rate 0) at 2016.04.23-08.31.20
[2016.04.23-04.31.20:560][  0]LogWorld: Bringing up level for play took: 0.182653
[2016.04.23-04.31.21:013][  0]LogInit:Display: Game Engine Initialized.
[2016.04.23-04.31.21:274][  0]LogLoad: Full Startup: 16.92 seconds (BP compile: 0.00 seconds)
[2016.04.23-04.31.21:790][  1]LogRenderer: Reallocating scene render targets to support 1280x720 (Frame:2).
[2016.04.23-04.31.35:160][757]LogWindowsTextInputMethodSystem:Display: IME system now deactivated.
[2016.04.23-04.31.35:160][757]LogWindowsTextInputMethodSystem:Display: IME system now deactivated.
[2016.04.23-04.31.35:206][757]LogEngine: All Windows Closed
[2016.04.23-04.31.35:206][757]LogWindows: FPlatformMisc::RequestExit(0)
[2016.04.23-04.31.36:426][758]LogExit: Preparing to exit.
[2016.04.23-04.31.36:666][758]LogExit: Game engine shut down
[2016.04.23-04.31.36:668][758]LogParticles: Destroying 0 GPU particle simulations for FXSystem 0x000000639A99C3A0
[2016.04.23-04.31.36:962][758]LogExit: Object subsystem successfully closed.
[2016.04.23-04.31.37:233][758]LogD3D11RHI: Shutdown
[2016.04.23-04.31.37:233][758]LogD3D11RHI: CleanupD3DDevice
[2016.04.23-04.31.37:331][758]LogD3D11RHI: ~FD3D11DynamicRHI
[2016.04.23-04.31.37:332][758]LogModuleManager: Shutting down and abandoning module AutomationWorker (57)
[2016.04.23-04.31.37:332][758]LogModuleManager: Shutting down and abandoning module CharacterAI (56)
[2016.04.23-04.31.37:332][758]LogModuleManager: Shutting down and abandoning module AIModule (54)
[2016.04.23-04.31.37:332][758]LogModuleManager: Shutting down and abandoning module GameLiveStreaming (53)
[2016.04.23-04.31.37:332][758]LogModuleManager: Shutting down and abandoning module StreamingPauseRendering (52)
[2016.04.23-04.31.37:332][758]LogModuleManager: Shutting down and abandoning module AnalyticsET (51)
[2016.04.23-04.31.37:332][758]LogModuleManager: Shutting down and abandoning module Analytics (50)
[2016.04.23-04.31.37:332][758]LogModuleManager: Shutting down and abandoning module ProfilerService (49)
[2016.04.23-04.31.37:599][758]LogModuleManager: Shutting down and abandoning module TaskGraph (48)
[2016.04.23-04.31.37:608][758]LogModuleManager: Shutting down and abandoning module SlateRemote (47)
[2016.04.23-04.31.37:608][758]LogModuleManager: Shutting down and abandoning module HTML5Networking (46)
[2016.04.23-04.31.37:608][758]LogModuleManager: Shutting down and abandoning module SteamVRController (45)
[2016.04.23-04.31.37:608][758]LogModuleManager: Shutting down and abandoning module SteamVR (44)
[2016.04.23-04.31.37:608][758]LogModuleManager: Shutting down and abandoning module ProceduralMeshComponent (43)
[2016.04.23-04.31.37:608][758]LogModuleManager: Shutting down and abandoning module OculusRift (42)
[2016.04.23-04.31.37:608][758]LogModuleManager: Shutting down and abandoning module OculusLibrary (41)
[2016.04.23-04.31.37:609][758]LogModuleManager: Shutting down and abandoning module CustomMeshComponent (40)
[2016.04.23-04.31.37:609][758]LogModuleManager: Shutting down and abandoning module CableComponent (39)
[2016.04.23-04.31.37:609][758]LogModuleManager: Shutting down and abandoning module ArchVisCharacter (38)
[2016.04.23-04.31.37:609][758]LogModuleManager: Shutting down and abandoning module FracturedProject (37)
[2016.04.23-04.31.37:609][758]LogModuleManager: Shutting down and abandoning module UdpMessaging (36)
[2016.04.23-04.31.37:620][758]LogModuleManager: Shutting down and abandoning module LightPropagationVolumeRuntime (35)
[2016.04.23-04.31.37:620][758]LogModuleManager: Shutting down and abandoning module Paper2D (34)
[2016.04.23-04.31.37:620][758]LogModuleManager: Shutting down and abandoning module Media (33)
[2016.04.23-04.31.37:620][758]LogModuleManager: Shutting down and abandoning module WmfMedia (32)
[2016.04.23-04.31.37:621][758]LogModuleManager: Shutting down and abandoning module WindowsMoviePlayer (31)
[2016.04.23-04.31.37:649][758]LogModuleManager: Shutting down and abandoning module ImageWrapper (30)
[2016.04.23-04.31.37:649][758]LogModuleManager: Shutting down and abandoning module UMG (29)
[2016.04.23-04.31.37:649][758]LogModuleManager: Shutting down and abandoning module Slate (28)
[2016.04.23-04.31.37:649][758]LogModuleManager: Shutting down and abandoning module SessionServices (27)
[2016.04.23-04.31.37:649][758]LogModuleManager: Shutting down and abandoning module Messaging (26)
[2016.04.23-04.31.37:649][758]LogModuleManager: Shutting down and abandoning module HeadMountedDisplay (25)
[2016.04.23-04.31.37:649][758]LogModuleManager: Shutting down and abandoning module XAudio2 (24)
[2016.04.23-04.31.37:649][758]LogModuleManager: Shutting down and abandoning module Networking (22)
[2016.04.23-04.31.37:649][758]LogModuleManager: Shutting down and abandoning module Core (21)
[2016.04.23-04.31.37:649][758]LogModuleManager: Shutting down and abandoning module LeapMotionController (20)
[2016.04.23-04.31.37:760][758]LogModuleManager: Shutting down and abandoning module InputCore (19)
[2016.04.23-04.31.37:760][758]LogModuleManager: Shutting down and abandoning module OnlineSubsystem (17)
[2016.04.23-04.31.37:760][758]LogModuleManager: Shutting down and abandoning module HTTP (16)
[2016.04.23-04.31.40:307][758]LogModuleManager: Shutting down and abandoning module ExampleDeviceProfileSelector (15)
[2016.04.23-04.31.40:307][758]LogModuleManager: Shutting down and abandoning module ShaderCore (14)
[2016.04.23-04.31.40:307][758]LogModuleManager: Shutting down and abandoning module Landscape (13)
[2016.04.23-04.31.40:307][758]LogModuleManager: Shutting down and abandoning module SlateRHIRenderer (12)
[2016.04.23-04.31.40:342][758]LogModuleManager: Shutting down and abandoning module OpenGLDrv (11)
[2016.04.23-04.31.40:342][758]LogModuleManager: Shutting down and abandoning module D3D11RHI (10)
[2016.04.23-04.31.40:342][758]LogModuleManager: Shutting down and abandoning module AnimGraphRuntime (9)
[2016.04.23-04.31.40:342][758]LogModuleManager: Shutting down and abandoning module Renderer (8)
[2016.04.23-04.31.40:342][758]LogModuleManager: Shutting down and abandoning module Engine (7)
[2016.04.23-04.31.40:342][758]LogModuleManager: Shutting down and abandoning module CoreUObject (6)
[2016.04.23-04.31.40:342][758]LogModuleManager: Shutting down and abandoning module NetworkFile (5)
[2016.04.23-04.31.40:342][758]LogModuleManager: Shutting down and abandoning module StreamingFile (4)
[2016.04.23-04.31.40:342][758]LogModuleManager: Shutting down and abandoning module SandboxFile (3)
[2016.04.23-04.31.40:342][758]LogModuleManager: Shutting down and abandoning module PakFile (1)
[2016.04.23-04.31.40:351][758]LogExit: Exiting.
[2016.04.23-04.31.40:352][758]Log file closed, 04/23/16 08:31:40
